2019-12-11 13:46:53 [main] INFO  c.e.spring.ZuulGatewayApplication - logStartupProfileInfo - No active profile set, falling back to default profiles: default
2019-12-11 13:46:55 [main] WARN  o.s.boot.actuate.endpoint.EndpointId - logWarning - Endpoint ID 'service-registry' contains invalid characters, please migrate to a valid format.
2019-12-11 13:46:55 [main] WARN  o.s.boot.actuate.endpoint.EndpointId - logWarning - Endpoint ID 'hystrix.stream' contains invalid characters, please migrate to a valid format.
2019-12-11 13:46:55 [main] INFO  o.s.cloud.context.scope.GenericScope - setSerializationId - BeanFactory id=bc7027cf-f7c8-3563-ba48-3475de894cc6
2019-12-11 13:46:56 [main] INFO  o.s.c.s.PostProcessorRegistrationDelegate$BeanPostProcessorChecker - postProcessAfterInitialization - Bean 'org.springframework.cloud.autoconfigure.ConfigurationPropertiesRebinderAutoConfiguration' of type [org.springframework.cloud.autoconfigure.ConfigurationPropertiesRebinderAutoConfiguration$$EnhancerBySpringCGLIB$$d19b210] is not eligible for getting processed by all BeanPostProcessors (for example: not eligible for auto-proxying)
2019-12-11 13:46:57 [main] INFO  o.s.b.w.e.tomcat.TomcatWebServer - initialize - Tomcat initialized with port(s): 8088 (http)
2019-12-11 13:46:57 [main] INFO  o.a.catalina.core.StandardService - log - Starting service [Tomcat]
2019-12-11 13:46:57 [main] INFO  o.a.catalina.core.StandardEngine - log - Starting Servlet engine: [Apache Tomcat/9.0.24]
2019-12-11 13:46:57 [main] INFO  o.a.c.core.AprLifecycleListener - log - An older version [1.2.19] of the APR based Apache Tomcat Native library is installed, while Tomcat recommends a minimum version of [1.2.23]
2019-12-11 13:46:57 [main] INFO  o.a.c.core.AprLifecycleListener - log - Loaded APR based Apache Tomcat Native library [1.2.19] using APR version [1.6.5].
2019-12-11 13:46:57 [main] INFO  o.a.c.core.AprLifecycleListener - log - APR capabilities: IPv6 [true], sendfile [true], accept filters [false], random [true].
2019-12-11 13:46:57 [main] INFO  o.a.c.core.AprLifecycleListener - log - APR/OpenSSL configuration: useAprConnector [false], useOpenSSL [true]
2019-12-11 13:46:57 [main] INFO  o.a.c.core.AprLifecycleListener - log - OpenSSL successfully initialized [OpenSSL 1.1.1a  20 Nov 2018]
2019-12-11 13:46:58 [main] INFO  o.a.c.c.C.[Tomcat].[localhost].[/] - log - Initializing Spring embedded WebApplicationContext
2019-12-11 13:46:58 [main] INFO  o.s.web.context.ContextLoader - prepareWebApplicationContext - Root WebApplicationContext: initialization completed in 4729 ms
2019-12-11 13:46:58 [main] WARN  c.n.c.sources.URLConfigurationSource - <init> - No URLs will be polled as dynamic configuration sources.
2019-12-11 13:46:58 [main] INFO  c.n.c.sources.URLConfigurationSource - <init> - To enable URLs as dynamic configuration sources, define System property archaius.configurationSource.additionalUrls or make config.properties available on classpath.
2019-12-11 13:46:58 [main] INFO  c.n.config.DynamicPropertyFactory - getInstance - DynamicPropertyFactory is initialized with configuration sources: com.netflix.config.ConcurrentCompositeConfiguration@22c75c01
2019-12-11 13:47:01 [main] WARN  c.n.c.sources.URLConfigurationSource - <init> - No URLs will be polled as dynamic configuration sources.
2019-12-11 13:47:01 [main] INFO  c.n.c.sources.URLConfigurationSource - <init> - To enable URLs as dynamic configuration sources, define System property archaius.configurationSource.additionalUrls or make config.properties available on classpath.
2019-12-11 13:47:01 [main] INFO  o.s.s.c.ThreadPoolTaskExecutor - initialize - Initializing ExecutorService 'applicationTaskExecutor'
2019-12-11 13:47:04 [main] INFO  o.s.c.n.zuul.ZuulFilterInitializer - contextInitialized - Starting filter initializer
2019-12-11 13:47:04 [main] INFO  o.s.b.a.e.web.EndpointLinksResolver - <init> - Exposing 2 endpoint(s) beneath base path '/actuator'
2019-12-11 13:47:05 [main] INFO  o.s.c.n.eureka.InstanceInfoFactory - create - Setting initial instance status as: STARTING
2019-12-11 13:47:06 [main] INFO  o.s.c.n.e.s.EurekaServiceRegistry - register - Registering application API-GATEWAY with eureka with status UP
2019-12-11 13:47:07 [main] INFO  o.s.b.w.e.tomcat.TomcatWebServer - start - Tomcat started on port(s): 8088 (http) with context path ''
2019-12-11 13:47:07 [main] INFO  o.s.c.n.e.s.EurekaAutoServiceRegistration - onApplicationEvent - Updating port to 8088
2019-12-11 13:47:08 [main] INFO  c.e.spring.ZuulGatewayApplication - logStarted - Started ZuulGatewayApplication in 19.64 seconds (JVM running for 21.13)
2019-12-11 13:47:53 [main] INFO  c.e.spring.ZuulGatewayApplication - logStartupProfileInfo - No active profile set, falling back to default profiles: default
2019-12-11 13:47:55 [main] WARN  o.s.boot.actuate.endpoint.EndpointId - logWarning - Endpoint ID 'service-registry' contains invalid characters, please migrate to a valid format.
2019-12-11 13:47:55 [main] WARN  o.s.boot.actuate.endpoint.EndpointId - logWarning - Endpoint ID 'hystrix.stream' contains invalid characters, please migrate to a valid format.
2019-12-11 13:47:56 [main] INFO  o.s.cloud.context.scope.GenericScope - setSerializationId - BeanFactory id=bc7027cf-f7c8-3563-ba48-3475de894cc6
2019-12-11 13:47:56 [main] INFO  o.s.c.s.PostProcessorRegistrationDelegate$BeanPostProcessorChecker - postProcessAfterInitialization - Bean 'org.springframework.cloud.autoconfigure.ConfigurationPropertiesRebinderAutoConfiguration' of type [org.springframework.cloud.autoconfigure.ConfigurationPropertiesRebinderAutoConfiguration$$EnhancerBySpringCGLIB$$afe7df25] is not eligible for getting processed by all BeanPostProcessors (for example: not eligible for auto-proxying)
2019-12-11 13:47:58 [main] INFO  o.s.b.w.e.tomcat.TomcatWebServer - initialize - Tomcat initialized with port(s): 8088 (http)
2019-12-11 13:47:58 [main] INFO  o.a.catalina.core.StandardService - log - Starting service [Tomcat]
2019-12-11 13:47:58 [main] INFO  o.a.catalina.core.StandardEngine - log - Starting Servlet engine: [Apache Tomcat/9.0.24]
2019-12-11 13:47:58 [main] INFO  o.a.c.core.AprLifecycleListener - log - An older version [1.2.19] of the APR based Apache Tomcat Native library is installed, while Tomcat recommends a minimum version of [1.2.23]
2019-12-11 13:47:58 [main] INFO  o.a.c.core.AprLifecycleListener - log - Loaded APR based Apache Tomcat Native library [1.2.19] using APR version [1.6.5].
2019-12-11 13:47:58 [main] INFO  o.a.c.core.AprLifecycleListener - log - APR capabilities: IPv6 [true], sendfile [true], accept filters [false], random [true].
2019-12-11 13:47:58 [main] INFO  o.a.c.core.AprLifecycleListener - log - APR/OpenSSL configuration: useAprConnector [false], useOpenSSL [true]
2019-12-11 13:47:58 [main] INFO  o.a.c.core.AprLifecycleListener - log - OpenSSL successfully initialized [OpenSSL 1.1.1a  20 Nov 2018]
2019-12-11 13:47:58 [main] INFO  o.a.c.c.C.[Tomcat].[localhost].[/] - log - Initializing Spring embedded WebApplicationContext
2019-12-11 13:47:58 [main] INFO  o.s.web.context.ContextLoader - prepareWebApplicationContext - Root WebApplicationContext: initialization completed in 5083 ms
2019-12-11 13:47:59 [main] WARN  c.n.c.sources.URLConfigurationSource - <init> - No URLs will be polled as dynamic configuration sources.
2019-12-11 13:47:59 [main] INFO  c.n.c.sources.URLConfigurationSource - <init> - To enable URLs as dynamic configuration sources, define System property archaius.configurationSource.additionalUrls or make config.properties available on classpath.
2019-12-11 13:47:59 [main] INFO  c.n.config.DynamicPropertyFactory - getInstance - DynamicPropertyFactory is initialized with configuration sources: com.netflix.config.ConcurrentCompositeConfiguration@330c1f61
2019-12-11 13:48:02 [main] WARN  c.n.c.sources.URLConfigurationSource - <init> - No URLs will be polled as dynamic configuration sources.
2019-12-11 13:48:02 [main] INFO  c.n.c.sources.URLConfigurationSource - <init> - To enable URLs as dynamic configuration sources, define System property archaius.configurationSource.additionalUrls or make config.properties available on classpath.
2019-12-11 13:48:02 [main] INFO  o.s.s.c.ThreadPoolTaskExecutor - initialize - Initializing ExecutorService 'applicationTaskExecutor'
2019-12-11 13:48:06 [main] INFO  o.s.c.n.zuul.ZuulFilterInitializer - contextInitialized - Starting filter initializer
2019-12-11 13:48:06 [main] INFO  o.s.b.a.e.web.EndpointLinksResolver - <init> - Exposing 2 endpoint(s) beneath base path '/actuator'
2019-12-11 13:48:06 [main] INFO  o.s.c.n.eureka.InstanceInfoFactory - create - Setting initial instance status as: STARTING
2019-12-11 13:48:08 [main] INFO  o.s.c.n.e.s.EurekaServiceRegistry - register - Registering application API-GATEWAY with eureka with status UP
2019-12-11 13:48:08 [main] INFO  o.s.b.w.e.tomcat.TomcatWebServer - start - Tomcat started on port(s): 8088 (http) with context path ''
2019-12-11 13:48:08 [main] INFO  o.s.c.n.e.s.EurekaAutoServiceRegistration - onApplicationEvent - Updating port to 8088
2019-12-11 13:48:09 [main] INFO  c.e.spring.ZuulGatewayApplication - logStarted - Started ZuulGatewayApplication in 21.694 seconds (JVM running for 22.937)
2019-12-11 13:48:32 [http-nio-8088-exec-1] INFO  o.a.c.c.C.[Tomcat].[localhost].[/] - log - Initializing Spring DispatcherServlet 'dispatcherServlet'
2019-12-11 13:48:32 [http-nio-8088-exec-1] INFO  o.s.web.servlet.DispatcherServlet - initServletBean - Initializing Servlet 'dispatcherServlet'
2019-12-11 13:48:32 [http-nio-8088-exec-1] INFO  o.s.web.servlet.DispatcherServlet - initServletBean - Completed initialization in 39 ms
2019-12-11 15:48:31 [main] INFO  c.e.spring.ZuulGatewayApplication - logStartupProfileInfo - No active profile set, falling back to default profiles: default
2019-12-11 15:48:32 [main] WARN  o.s.boot.actuate.endpoint.EndpointId - logWarning - Endpoint ID 'service-registry' contains invalid characters, please migrate to a valid format.
2019-12-11 15:48:32 [main] WARN  o.s.boot.actuate.endpoint.EndpointId - logWarning - Endpoint ID 'hystrix.stream' contains invalid characters, please migrate to a valid format.
2019-12-11 15:48:32 [main] INFO  o.s.cloud.context.scope.GenericScope - setSerializationId - BeanFactory id=bc7027cf-f7c8-3563-ba48-3475de894cc6
2019-12-11 15:48:33 [main] INFO  o.s.c.s.PostProcessorRegistrationDelegate$BeanPostProcessorChecker - postProcessAfterInitialization - Bean 'org.springframework.cloud.autoconfigure.ConfigurationPropertiesRebinderAutoConfiguration' of type [org.springframework.cloud.autoconfigure.ConfigurationPropertiesRebinderAutoConfiguration$$EnhancerBySpringCGLIB$$e167a20b] is not eligible for getting processed by all BeanPostProcessors (for example: not eligible for auto-proxying)
2019-12-11 15:48:34 [main] INFO  o.s.b.w.e.tomcat.TomcatWebServer - initialize - Tomcat initialized with port(s): 8088 (http)
2019-12-11 15:48:34 [main] INFO  o.a.catalina.core.StandardService - log - Starting service [Tomcat]
2019-12-11 15:48:34 [main] INFO  o.a.catalina.core.StandardEngine - log - Starting Servlet engine: [Apache Tomcat/9.0.24]
2019-12-11 15:48:34 [main] INFO  o.a.c.core.AprLifecycleListener - log - An older version [1.2.19] of the APR based Apache Tomcat Native library is installed, while Tomcat recommends a minimum version of [1.2.23]
2019-12-11 15:48:34 [main] INFO  o.a.c.core.AprLifecycleListener - log - Loaded APR based Apache Tomcat Native library [1.2.19] using APR version [1.6.5].
2019-12-11 15:48:34 [main] INFO  o.a.c.core.AprLifecycleListener - log - APR capabilities: IPv6 [true], sendfile [true], accept filters [false], random [true].
2019-12-11 15:48:34 [main] INFO  o.a.c.core.AprLifecycleListener - log - APR/OpenSSL configuration: useAprConnector [false], useOpenSSL [true]
2019-12-11 15:48:34 [main] INFO  o.a.c.core.AprLifecycleListener - log - OpenSSL successfully initialized [OpenSSL 1.1.1a  20 Nov 2018]
2019-12-11 15:48:35 [main] INFO  o.a.c.c.C.[Tomcat].[localhost].[/] - log - Initializing Spring embedded WebApplicationContext
2019-12-11 15:48:35 [main] INFO  o.s.web.context.ContextLoader - prepareWebApplicationContext - Root WebApplicationContext: initialization completed in 4054 ms
2019-12-11 15:48:35 [main] WARN  c.n.c.sources.URLConfigurationSource - <init> - No URLs will be polled as dynamic configuration sources.
2019-12-11 15:48:35 [main] INFO  c.n.c.sources.URLConfigurationSource - <init> - To enable URLs as dynamic configuration sources, define System property archaius.configurationSource.additionalUrls or make config.properties available on classpath.
2019-12-11 15:48:35 [main] INFO  c.n.config.DynamicPropertyFactory - getInstance - DynamicPropertyFactory is initialized with configuration sources: com.netflix.config.ConcurrentCompositeConfiguration@5a0bef24
2019-12-11 15:48:38 [main] WARN  c.n.c.sources.URLConfigurationSource - <init> - No URLs will be polled as dynamic configuration sources.
2019-12-11 15:48:38 [main] INFO  c.n.c.sources.URLConfigurationSource - <init> - To enable URLs as dynamic configuration sources, define System property archaius.configurationSource.additionalUrls or make config.properties available on classpath.
2019-12-11 15:48:38 [main] INFO  o.s.s.c.ThreadPoolTaskExecutor - initialize - Initializing ExecutorService 'applicationTaskExecutor'
2019-12-11 15:48:40 [main] INFO  o.s.c.n.zuul.ZuulFilterInitializer - contextInitialized - Starting filter initializer
2019-12-11 15:48:40 [main] INFO  o.s.b.a.e.web.EndpointLinksResolver - <init> - Exposing 2 endpoint(s) beneath base path '/actuator'
2019-12-11 15:48:40 [main] INFO  o.s.c.n.eureka.InstanceInfoFactory - create - Setting initial instance status as: STARTING
2019-12-11 15:48:42 [main] INFO  o.s.c.n.e.s.EurekaServiceRegistry - register - Registering application API-GATEWAY with eureka with status UP
2019-12-11 15:48:42 [main] INFO  o.s.b.w.e.tomcat.TomcatWebServer - start - Tomcat started on port(s): 8088 (http) with context path ''
2019-12-11 15:48:42 [main] INFO  o.s.c.n.e.s.EurekaAutoServiceRegistration - onApplicationEvent - Updating port to 8088
2019-12-11 15:48:43 [main] INFO  c.e.spring.ZuulGatewayApplication - logStarted - Started ZuulGatewayApplication in 16.721 seconds (JVM running for 18.011)
2019-12-11 15:57:49 [main] INFO  c.e.spring.ZuulGatewayApplication - logStartupProfileInfo - No active profile set, falling back to default profiles: default
2019-12-11 15:57:51 [main] WARN  o.s.boot.actuate.endpoint.EndpointId - logWarning - Endpoint ID 'service-registry' contains invalid characters, please migrate to a valid format.
2019-12-11 15:57:51 [main] WARN  o.s.boot.actuate.endpoint.EndpointId - logWarning - Endpoint ID 'hystrix.stream' contains invalid characters, please migrate to a valid format.
2019-12-11 15:57:51 [main] INFO  o.s.cloud.context.scope.GenericScope - setSerializationId - BeanFactory id=bc7027cf-f7c8-3563-ba48-3475de894cc6
2019-12-11 15:57:52 [main] INFO  o.s.c.s.PostProcessorRegistrationDelegate$BeanPostProcessorChecker - postProcessAfterInitialization - Bean 'org.springframework.cloud.autoconfigure.ConfigurationPropertiesRebinderAutoConfiguration' of type [org.springframework.cloud.autoconfigure.ConfigurationPropertiesRebinderAutoConfiguration$$EnhancerBySpringCGLIB$$644f7312] is not eligible for getting processed by all BeanPostProcessors (for example: not eligible for auto-proxying)
2019-12-11 15:57:53 [main] INFO  o.s.b.w.e.tomcat.TomcatWebServer - initialize - Tomcat initialized with port(s): 8088 (http)
2019-12-11 15:57:53 [main] INFO  o.a.catalina.core.StandardService - log - Starting service [Tomcat]
2019-12-11 15:57:53 [main] INFO  o.a.catalina.core.StandardEngine - log - Starting Servlet engine: [Apache Tomcat/9.0.24]
2019-12-11 15:57:53 [main] INFO  o.a.c.core.AprLifecycleListener - log - An older version [1.2.19] of the APR based Apache Tomcat Native library is installed, while Tomcat recommends a minimum version of [1.2.23]
2019-12-11 15:57:53 [main] INFO  o.a.c.core.AprLifecycleListener - log - Loaded APR based Apache Tomcat Native library [1.2.19] using APR version [1.6.5].
2019-12-11 15:57:53 [main] INFO  o.a.c.core.AprLifecycleListener - log - APR capabilities: IPv6 [true], sendfile [true], accept filters [false], random [true].
2019-12-11 15:57:53 [main] INFO  o.a.c.core.AprLifecycleListener - log - APR/OpenSSL configuration: useAprConnector [false], useOpenSSL [true]
2019-12-11 15:57:53 [main] INFO  o.a.c.core.AprLifecycleListener - log - OpenSSL successfully initialized [OpenSSL 1.1.1a  20 Nov 2018]
2019-12-11 15:57:54 [main] INFO  o.a.c.c.C.[Tomcat].[localhost].[/] - log - Initializing Spring embedded WebApplicationContext
2019-12-11 15:57:54 [main] INFO  o.s.web.context.ContextLoader - prepareWebApplicationContext - Root WebApplicationContext: initialization completed in 4316 ms
2019-12-11 15:57:54 [main] WARN  c.n.c.sources.URLConfigurationSource - <init> - No URLs will be polled as dynamic configuration sources.
2019-12-11 15:57:54 [main] INFO  c.n.c.sources.URLConfigurationSource - <init> - To enable URLs as dynamic configuration sources, define System property archaius.configurationSource.additionalUrls or make config.properties available on classpath.
2019-12-11 15:57:54 [main] INFO  c.n.config.DynamicPropertyFactory - getInstance - DynamicPropertyFactory is initialized with configuration sources: com.netflix.config.ConcurrentCompositeConfiguration@a5bbaec
2019-12-11 15:57:57 [main] WARN  c.n.c.sources.URLConfigurationSource - <init> - No URLs will be polled as dynamic configuration sources.
2019-12-11 15:57:57 [main] INFO  c.n.c.sources.URLConfigurationSource - <init> - To enable URLs as dynamic configuration sources, define System property archaius.configurationSource.additionalUrls or make config.properties available on classpath.
2019-12-11 15:57:58 [main] INFO  o.s.s.c.ThreadPoolTaskExecutor - initialize - Initializing ExecutorService 'applicationTaskExecutor'
2019-12-11 15:58:00 [main] INFO  o.s.c.n.zuul.ZuulFilterInitializer - contextInitialized - Starting filter initializer
2019-12-11 15:58:00 [main] INFO  o.s.b.a.e.web.EndpointLinksResolver - <init> - Exposing 2 endpoint(s) beneath base path '/actuator'
2019-12-11 15:58:00 [main] INFO  o.s.c.n.eureka.InstanceInfoFactory - create - Setting initial instance status as: STARTING
2019-12-11 15:58:02 [main] INFO  o.s.c.n.e.s.EurekaServiceRegistry - register - Registering application API-GATEWAY with eureka with status UP
2019-12-11 15:58:02 [main] INFO  o.s.b.w.e.tomcat.TomcatWebServer - start - Tomcat started on port(s): 8088 (http) with context path ''
2019-12-11 15:58:02 [main] INFO  o.s.c.n.e.s.EurekaAutoServiceRegistration - onApplicationEvent - Updating port to 8088
2019-12-11 15:58:03 [main] INFO  c.e.spring.ZuulGatewayApplication - logStarted - Started ZuulGatewayApplication in 18.267 seconds (JVM running for 19.64)
2019-12-11 16:06:50 [main] INFO  c.e.spring.ZuulGatewayApplication - logStartupProfileInfo - No active profile set, falling back to default profiles: default
2019-12-11 16:06:51 [main] WARN  o.s.boot.actuate.endpoint.EndpointId - logWarning - Endpoint ID 'service-registry' contains invalid characters, please migrate to a valid format.
2019-12-11 16:06:51 [main] WARN  o.s.boot.actuate.endpoint.EndpointId - logWarning - Endpoint ID 'hystrix.stream' contains invalid characters, please migrate to a valid format.
2019-12-11 16:06:52 [main] INFO  o.s.cloud.context.scope.GenericScope - setSerializationId - BeanFactory id=bc7027cf-f7c8-3563-ba48-3475de894cc6
2019-12-11 16:06:52 [main] INFO  o.s.c.s.PostProcessorRegistrationDelegate$BeanPostProcessorChecker - postProcessAfterInitialization - Bean 'org.springframework.cloud.autoconfigure.ConfigurationPropertiesRebinderAutoConfiguration' of type [org.springframework.cloud.autoconfigure.ConfigurationPropertiesRebinderAutoConfiguration$$EnhancerBySpringCGLIB$$2c8001ff] is not eligible for getting processed by all BeanPostProcessors (for example: not eligible for auto-proxying)
2019-12-11 16:06:53 [main] INFO  o.s.b.w.e.tomcat.TomcatWebServer - initialize - Tomcat initialized with port(s): 8088 (http)
2019-12-11 16:06:53 [main] INFO  o.a.catalina.core.StandardService - log - Starting service [Tomcat]
2019-12-11 16:06:53 [main] INFO  o.a.catalina.core.StandardEngine - log - Starting Servlet engine: [Apache Tomcat/9.0.24]
2019-12-11 16:06:53 [main] INFO  o.a.c.core.AprLifecycleListener - log - An older version [1.2.19] of the APR based Apache Tomcat Native library is installed, while Tomcat recommends a minimum version of [1.2.23]
2019-12-11 16:06:53 [main] INFO  o.a.c.core.AprLifecycleListener - log - Loaded APR based Apache Tomcat Native library [1.2.19] using APR version [1.6.5].
2019-12-11 16:06:53 [main] INFO  o.a.c.core.AprLifecycleListener - log - APR capabilities: IPv6 [true], sendfile [true], accept filters [false], random [true].
2019-12-11 16:06:53 [main] INFO  o.a.c.core.AprLifecycleListener - log - APR/OpenSSL configuration: useAprConnector [false], useOpenSSL [true]
2019-12-11 16:06:53 [main] INFO  o.a.c.core.AprLifecycleListener - log - OpenSSL successfully initialized [OpenSSL 1.1.1a  20 Nov 2018]
2019-12-11 16:06:54 [main] INFO  o.a.c.c.C.[Tomcat].[localhost].[/] - log - Initializing Spring embedded WebApplicationContext
2019-12-11 16:06:54 [main] INFO  o.s.web.context.ContextLoader - prepareWebApplicationContext - Root WebApplicationContext: initialization completed in 3606 ms
2019-12-11 16:06:54 [main] WARN  c.n.c.sources.URLConfigurationSource - <init> - No URLs will be polled as dynamic configuration sources.
2019-12-11 16:06:54 [main] INFO  c.n.c.sources.URLConfigurationSource - <init> - To enable URLs as dynamic configuration sources, define System property archaius.configurationSource.additionalUrls or make config.properties available on classpath.
2019-12-11 16:06:54 [main] INFO  c.n.config.DynamicPropertyFactory - getInstance - DynamicPropertyFactory is initialized with configuration sources: com.netflix.config.ConcurrentCompositeConfiguration@11e355ca
2019-12-11 16:06:57 [main] WARN  c.n.c.sources.URLConfigurationSource - <init> - No URLs will be polled as dynamic configuration sources.
2019-12-11 16:06:57 [main] INFO  c.n.c.sources.URLConfigurationSource - <init> - To enable URLs as dynamic configuration sources, define System property archaius.configurationSource.additionalUrls or make config.properties available on classpath.
2019-12-11 16:06:57 [main] INFO  o.s.s.c.ThreadPoolTaskExecutor - initialize - Initializing ExecutorService 'applicationTaskExecutor'
2019-12-11 16:06:59 [main] INFO  o.s.c.n.zuul.ZuulFilterInitializer - contextInitialized - Starting filter initializer
2019-12-11 16:06:59 [main] INFO  o.s.b.a.e.web.EndpointLinksResolver - <init> - Exposing 2 endpoint(s) beneath base path '/actuator'
2019-12-11 16:06:59 [main] INFO  o.s.c.n.eureka.InstanceInfoFactory - create - Setting initial instance status as: STARTING
2019-12-11 16:07:01 [main] INFO  o.s.c.n.e.s.EurekaServiceRegistry - register - Registering application API-GATEWAY with eureka with status UP
2019-12-11 16:07:01 [main] INFO  o.s.b.w.e.tomcat.TomcatWebServer - start - Tomcat started on port(s): 8088 (http) with context path ''
2019-12-11 16:07:01 [main] INFO  o.s.c.n.e.s.EurekaAutoServiceRegistration - onApplicationEvent - Updating port to 8088
2019-12-11 16:07:02 [main] INFO  c.e.spring.ZuulGatewayApplication - logStarted - Started ZuulGatewayApplication in 16.307 seconds (JVM running for 17.422)
2019-12-11 16:11:58 [http-nio-8088-exec-2] INFO  o.a.c.c.C.[Tomcat].[localhost].[/] - log - Initializing Spring DispatcherServlet 'dispatcherServlet'
2019-12-11 16:11:58 [http-nio-8088-exec-2] INFO  o.s.web.servlet.DispatcherServlet - initServletBean - Initializing Servlet 'dispatcherServlet'
2019-12-11 16:11:58 [http-nio-8088-exec-2] INFO  o.s.web.servlet.DispatcherServlet - initServletBean - Completed initialization in 70 ms
2019-12-11 16:11:58 [http-nio-8088-exec-2] INFO  c.n.config.ChainedDynamicProperty - checkAndFlip - Flipping property: product-service.ribbon.ActiveConnectionsLimit to use NEXT property: niws.loadbalancer.availabilityFilteringRule.activeConnectionsLimit = 2147483647
2019-12-11 16:11:58 [http-nio-8088-exec-2] INFO  c.n.u.c.ShutdownEnabledTimer - <init> - Shutdown hook installed for: NFLoadBalancer-PingTimer-product-service
2019-12-11 16:11:58 [http-nio-8088-exec-2] INFO  c.n.loadbalancer.BaseLoadBalancer - initWithConfig - Client: product-service instantiated a LoadBalancer: DynamicServerListLoadBalancer:{NFLoadBalancer:name=product-service,current list of Servers=[],Load balancer stats=Zone stats: {},Server stats: []}ServerList:null
2019-12-11 16:11:58 [http-nio-8088-exec-2] INFO  c.n.l.DynamicServerListLoadBalancer - enableAndInitLearnNewServersFeature - Using serverListUpdater PollingServerListUpdater
2019-12-11 16:11:58 [http-nio-8088-exec-2] INFO  c.n.config.ChainedDynamicProperty - checkAndFlip - Flipping property: product-service.ribbon.ActiveConnectionsLimit to use NEXT property: niws.loadbalancer.availabilityFilteringRule.activeConnectionsLimit = 2147483647
2019-12-11 16:11:58 [http-nio-8088-exec-2] INFO  c.n.l.DynamicServerListLoadBalancer - restOfInit - DynamicServerListLoadBalancer for client product-service initialized: DynamicServerListLoadBalancer:{NFLoadBalancer:name=product-service,current list of Servers=[SG-LT-054.senecaglobal.net:9010],Load balancer stats=Zone stats: {defaultzone=[Zone:defaultzone;	Instance count:1;	Active connections count: 0;	Circuit breaker tripped count: 0;	Active connections per server: 0.0;]
},Server stats: [[Server:SG-LT-054.senecaglobal.net:9010;	Zone:defaultZone;	Total Requests:0;	Successive connection failure:0;	Total blackout seconds:0;	Last connection made:Thu Jan 01 05:30:00 IST 1970;	First connection made: Thu Jan 01 05:30:00 IST 1970;	Active Connections:0;	total failure count in last (1000) msecs:0;	average resp time:0.0;	90 percentile resp time:0.0;	95 percentile resp time:0.0;	min resp time:0.0;	max resp time:0.0;	stddev resp time:0.0]
]}ServerList:org.springframework.cloud.netflix.ribbon.eureka.DomainExtractingServerList@2d787c92
2019-12-11 16:11:59 [PollingServerListUpdater-0] INFO  c.n.config.ChainedDynamicProperty - checkAndFlip - Flipping property: product-service.ribbon.ActiveConnectionsLimit to use NEXT property: niws.loadbalancer.availabilityFilteringRule.activeConnectionsLimit = 2147483647
2019-12-11 16:18:00 [main] INFO  c.e.spring.ZuulGatewayApplication - logStartupProfileInfo - No active profile set, falling back to default profiles: default
2019-12-11 16:18:02 [main] WARN  o.s.boot.actuate.endpoint.EndpointId - logWarning - Endpoint ID 'service-registry' contains invalid characters, please migrate to a valid format.
2019-12-11 16:18:02 [main] WARN  o.s.boot.actuate.endpoint.EndpointId - logWarning - Endpoint ID 'hystrix.stream' contains invalid characters, please migrate to a valid format.
2019-12-11 16:18:02 [main] INFO  o.s.cloud.context.scope.GenericScope - setSerializationId - BeanFactory id=bc7027cf-f7c8-3563-ba48-3475de894cc6
2019-12-11 16:18:03 [main] INFO  o.s.c.s.PostProcessorRegistrationDelegate$BeanPostProcessorChecker - postProcessAfterInitialization - Bean 'org.springframework.cloud.autoconfigure.ConfigurationPropertiesRebinderAutoConfiguration' of type [org.springframework.cloud.autoconfigure.ConfigurationPropertiesRebinderAutoConfiguration$$EnhancerBySpringCGLIB$$ef65feda] is not eligible for getting processed by all BeanPostProcessors (for example: not eligible for auto-proxying)
2019-12-11 16:18:04 [main] INFO  o.s.b.w.e.tomcat.TomcatWebServer - initialize - Tomcat initialized with port(s): 8088 (http)
2019-12-11 16:18:04 [main] INFO  o.a.catalina.core.StandardService - log - Starting service [Tomcat]
2019-12-11 16:18:04 [main] INFO  o.a.catalina.core.StandardEngine - log - Starting Servlet engine: [Apache Tomcat/9.0.24]
2019-12-11 16:18:04 [main] INFO  o.a.c.core.AprLifecycleListener - log - An older version [1.2.19] of the APR based Apache Tomcat Native library is installed, while Tomcat recommends a minimum version of [1.2.23]
2019-12-11 16:18:04 [main] INFO  o.a.c.core.AprLifecycleListener - log - Loaded APR based Apache Tomcat Native library [1.2.19] using APR version [1.6.5].
2019-12-11 16:18:04 [main] INFO  o.a.c.core.AprLifecycleListener - log - APR capabilities: IPv6 [true], sendfile [true], accept filters [false], random [true].
2019-12-11 16:18:04 [main] INFO  o.a.c.core.AprLifecycleListener - log - APR/OpenSSL configuration: useAprConnector [false], useOpenSSL [true]
2019-12-11 16:18:04 [main] INFO  o.a.c.core.AprLifecycleListener - log - OpenSSL successfully initialized [OpenSSL 1.1.1a  20 Nov 2018]
2019-12-11 16:18:05 [main] INFO  o.a.c.c.C.[Tomcat].[localhost].[/] - log - Initializing Spring embedded WebApplicationContext
2019-12-11 16:18:05 [main] INFO  o.s.web.context.ContextLoader - prepareWebApplicationContext - Root WebApplicationContext: initialization completed in 4496 ms
2019-12-11 16:18:05 [main] WARN  c.n.c.sources.URLConfigurationSource - <init> - No URLs will be polled as dynamic configuration sources.
2019-12-11 16:18:05 [main] INFO  c.n.c.sources.URLConfigurationSource - <init> - To enable URLs as dynamic configuration sources, define System property archaius.configurationSource.additionalUrls or make config.properties available on classpath.
2019-12-11 16:18:05 [main] INFO  c.n.config.DynamicPropertyFactory - getInstance - DynamicPropertyFactory is initialized with configuration sources: com.netflix.config.ConcurrentCompositeConfiguration@4ba02375
2019-12-11 16:18:08 [main] WARN  c.n.c.sources.URLConfigurationSource - <init> - No URLs will be polled as dynamic configuration sources.
2019-12-11 16:18:08 [main] INFO  c.n.c.sources.URLConfigurationSource - <init> - To enable URLs as dynamic configuration sources, define System property archaius.configurationSource.additionalUrls or make config.properties available on classpath.
2019-12-11 16:18:08 [main] INFO  o.s.s.c.ThreadPoolTaskExecutor - initialize - Initializing ExecutorService 'applicationTaskExecutor'
2019-12-11 16:18:10 [main] INFO  o.s.c.n.zuul.ZuulFilterInitializer - contextInitialized - Starting filter initializer
2019-12-11 16:18:10 [main] INFO  o.s.b.a.e.web.EndpointLinksResolver - <init> - Exposing 2 endpoint(s) beneath base path '/actuator'
2019-12-11 16:18:11 [main] INFO  o.s.c.n.eureka.InstanceInfoFactory - create - Setting initial instance status as: STARTING
2019-12-11 16:18:12 [main] INFO  o.s.c.n.e.s.EurekaServiceRegistry - register - Registering application API-GATEWAY with eureka with status UP
2019-12-11 16:18:12 [main] INFO  o.s.b.w.e.tomcat.TomcatWebServer - start - Tomcat started on port(s): 8088 (http) with context path ''
2019-12-11 16:18:12 [main] INFO  o.s.c.n.e.s.EurekaAutoServiceRegistration - onApplicationEvent - Updating port to 8088
2019-12-11 16:18:13 [main] INFO  c.e.spring.ZuulGatewayApplication - logStarted - Started ZuulGatewayApplication in 17.444 seconds (JVM running for 18.539)
2019-12-11 16:19:59 [http-nio-8088-exec-1] INFO  o.a.c.c.C.[Tomcat].[localhost].[/] - log - Initializing Spring DispatcherServlet 'dispatcherServlet'
2019-12-11 16:19:59 [http-nio-8088-exec-1] INFO  o.s.web.servlet.DispatcherServlet - initServletBean - Initializing Servlet 'dispatcherServlet'
2019-12-11 16:19:59 [http-nio-8088-exec-1] INFO  o.s.web.servlet.DispatcherServlet - initServletBean - Completed initialization in 20 ms
2019-12-11 16:19:59 [http-nio-8088-exec-1] INFO  c.n.config.ChainedDynamicProperty - checkAndFlip - Flipping property: product-service.ribbon.ActiveConnectionsLimit to use NEXT property: niws.loadbalancer.availabilityFilteringRule.activeConnectionsLimit = 2147483647
2019-12-11 16:19:59 [http-nio-8088-exec-1] INFO  c.n.u.c.ShutdownEnabledTimer - <init> - Shutdown hook installed for: NFLoadBalancer-PingTimer-product-service
2019-12-11 16:19:59 [http-nio-8088-exec-1] INFO  c.n.loadbalancer.BaseLoadBalancer - initWithConfig - Client: product-service instantiated a LoadBalancer: DynamicServerListLoadBalancer:{NFLoadBalancer:name=product-service,current list of Servers=[],Load balancer stats=Zone stats: {},Server stats: []}ServerList:null
2019-12-11 16:19:59 [http-nio-8088-exec-1] INFO  c.n.l.DynamicServerListLoadBalancer - enableAndInitLearnNewServersFeature - Using serverListUpdater PollingServerListUpdater
2019-12-11 16:19:59 [http-nio-8088-exec-1] INFO  c.n.config.ChainedDynamicProperty - checkAndFlip - Flipping property: product-service.ribbon.ActiveConnectionsLimit to use NEXT property: niws.loadbalancer.availabilityFilteringRule.activeConnectionsLimit = 2147483647
2019-12-11 16:19:59 [http-nio-8088-exec-1] INFO  c.n.l.DynamicServerListLoadBalancer - restOfInit - DynamicServerListLoadBalancer for client product-service initialized: DynamicServerListLoadBalancer:{NFLoadBalancer:name=product-service,current list of Servers=[SG-LT-054.senecaglobal.net:9010],Load balancer stats=Zone stats: {defaultzone=[Zone:defaultzone;	Instance count:1;	Active connections count: 0;	Circuit breaker tripped count: 0;	Active connections per server: 0.0;]
},Server stats: [[Server:SG-LT-054.senecaglobal.net:9010;	Zone:defaultZone;	Total Requests:0;	Successive connection failure:0;	Total blackout seconds:0;	Last connection made:Thu Jan 01 05:30:00 IST 1970;	First connection made: Thu Jan 01 05:30:00 IST 1970;	Active Connections:0;	total failure count in last (1000) msecs:0;	average resp time:0.0;	90 percentile resp time:0.0;	95 percentile resp time:0.0;	min resp time:0.0;	max resp time:0.0;	stddev resp time:0.0]
]}ServerList:org.springframework.cloud.netflix.ribbon.eureka.DomainExtractingServerList@608076f6
2019-12-11 16:20:00 [PollingServerListUpdater-0] INFO  c.n.config.ChainedDynamicProperty - checkAndFlip - Flipping property: product-service.ribbon.ActiveConnectionsLimit to use NEXT property: niws.loadbalancer.availabilityFilteringRule.activeConnectionsLimit = 2147483647
